{"/home/rahulkardile/Documents/codebase/dev/formater/server/src/index.ts": {"path":"/home/rahulkardile/Documents/codebase/dev/formater/server/src/index.ts","statementMap":{"0":{"start":{"line":1,"column":0},"end":{"line":1,"column":67}},"1":{"start":{"line":2,"column":0},"end":{"line":2,"column":35}},"2":{"start":{"line":3,"column":0},"end":{"line":3,"column":28}},"3":{"start":{"line":4,"column":0},"end":{"line":4,"column":24}},"4":{"start":{"line":5,"column":0},"end":{"line":5,"column":41}},"5":{"start":{"line":6,"column":0},"end":{"line":6,"column":43}},"6":{"start":{"line":7,"column":0},"end":{"line":7,"column":45}},"7":{"start":{"line":8,"column":0},"end":{"line":8,"column":35}},"8":{"start":{"line":10,"column":12},"end":{"line":10,"column":21}},"9":{"start":{"line":46,"column":13},"end":{"line":46,"column":16}},"10":{"start":{"line":11,"column":13},"end":{"line":11,"column":37}},"11":{"start":{"line":14,"column":0},"end":{"line":14,"column":18}},"12":{"start":{"line":15,"column":0},"end":{"line":15,"column":24}},"13":{"start":{"line":16,"column":0},"end":{"line":16,"column":31}},"14":{"start":{"line":17,"column":0},"end":{"line":17,"column":24}},"15":{"start":{"line":18,"column":0},"end":{"line":24,"column":2}},"16":{"start":{"line":27,"column":0},"end":{"line":27,"column":33}},"17":{"start":{"line":29,"column":0},"end":{"line":32,"column":3}},"18":{"start":{"line":30,"column":2},"end":{"line":30,"column":27}},"19":{"start":{"line":31,"column":2},"end":{"line":31,"column":59}},"20":{"start":{"line":34,"column":15},"end":{"line":37,"column":2}},"21":{"start":{"line":35,"column":2},"end":{"line":35,"column":14}},"22":{"start":{"line":36,"column":2},"end":{"line":36,"column":48}},"23":{"start":{"line":39,"column":11},"end":{"line":43,"column":2}},"24":{"start":{"line":46,"column":9},"end":{"line":46,"column":11}}},"fnMap":{"0":{"name":"(anonymous_1)","decl":{"start":{"line":29,"column":8},"end":{"line":29,"column":9}},"loc":{"start":{"line":29,"column":72},"end":{"line":32,"column":1}}},"1":{"name":"(anonymous_2)","decl":{"start":{"line":34,"column":32},"end":{"line":34,"column":35}},"loc":{"start":{"line":34,"column":37},"end":{"line":37,"column":1}}}},"branchMap":{"0":{"loc":{"start":{"line":11,"column":13},"end":{"line":11,"column":37}},"type":"binary-expr","locations":[{"start":{"line":11,"column":13},"end":{"line":11,"column":29}},{"start":{"line":11,"column":33},"end":{"line":11,"column":37}}]}},"s":{"0":1,"1":1,"2":1,"3":1,"4":1,"5":1,"6":1,"7":1,"8":1,"9":1,"10":1,"11":1,"12":1,"13":1,"14":1,"15":1,"16":1,"17":1,"18":0,"19":0,"20":1,"21":1,"22":1,"23":1,"24":1},"f":{"0":0,"1":1},"b":{"0":[1,0]}}
,"/home/rahulkardile/Documents/codebase/dev/formater/server/src/config/db.ts": {"path":"/home/rahulkardile/Documents/codebase/dev/formater/server/src/config/db.ts","statementMap":{"0":{"start":{"line":1,"column":0},"end":{"line":1,"column":32}},"1":{"start":{"line":2,"column":0},"end":{"line":2,"column":28}},"2":{"start":{"line":4,"column":0},"end":{"line":4,"column":16}},"3":{"start":{"line":6,"column":18},"end":{"line":14,"column":1}},"4":{"start":{"line":7,"column":4},"end":{"line":13,"column":5}},"5":{"start":{"line":8,"column":8},"end":{"line":8,"column":64}},"6":{"start":{"line":9,"column":8},"end":{"line":9,"column":41}},"7":{"start":{"line":11,"column":8},"end":{"line":11,"column":60}},"8":{"start":{"line":12,"column":8},"end":{"line":12,"column":24}},"9":{"start":{"line":16,"column":0},"end":{"line":16,"column":25}}},"fnMap":{"0":{"name":"(anonymous_1)","decl":{"start":{"line":6,"column":18},"end":{"line":6,"column":23}},"loc":{"start":{"line":6,"column":44},"end":{"line":14,"column":1}}}},"branchMap":{},"s":{"0":1,"1":1,"2":1,"3":1,"4":1,"5":1,"6":1,"7":0,"8":0,"9":1},"f":{"0":1},"b":{}}
,"/home/rahulkardile/Documents/codebase/dev/formater/server/src/controllers/user.controller.ts": {"path":"/home/rahulkardile/Documents/codebase/dev/formater/server/src/controllers/user.controller.ts","statementMap":{"0":{"start":{"line":2,"column":0},"end":{"line":2,"column":75}},"1":{"start":{"line":3,"column":0},"end":{"line":3,"column":67}},"2":{"start":{"line":5,"column":24},"end":{"line":13,"column":1}},"3":{"start":{"line":6,"column":2},"end":{"line":12,"column":3}},"4":{"start":{"line":7,"column":26},"end":{"line":7,"column":56}},"5":{"start":{"line":8,"column":17},"end":{"line":8,"column":50}},"6":{"start":{"line":9,"column":4},"end":{"line":9,"column":76}},"7":{"start":{"line":11,"column":4},"end":{"line":11,"column":67}},"8":{"start":{"line":5,"column":13},"end":{"line":5,"column":24}},"9":{"start":{"line":15,"column":21},"end":{"line":25,"column":1}},"10":{"start":{"line":16,"column":2},"end":{"line":24,"column":3}},"11":{"start":{"line":17,"column":26},"end":{"line":17,"column":53}},"12":{"start":{"line":18,"column":28},"end":{"line":18,"column":58}},"13":{"start":{"line":20,"column":4},"end":{"line":20,"column":85}},"14":{"start":{"line":21,"column":4},"end":{"line":21,"column":65}},"15":{"start":{"line":23,"column":4},"end":{"line":23,"column":67}},"16":{"start":{"line":15,"column":13},"end":{"line":15,"column":21}}},"fnMap":{"0":{"name":"(anonymous_0)","decl":{"start":{"line":5,"column":24},"end":{"line":5,"column":29}},"loc":{"start":{"line":5,"column":62},"end":{"line":13,"column":1}}},"1":{"name":"(anonymous_1)","decl":{"start":{"line":15,"column":21},"end":{"line":15,"column":26}},"loc":{"start":{"line":15,"column":59},"end":{"line":25,"column":1}}}},"branchMap":{"0":{"loc":{"start":{"line":11,"column":34},"end":{"line":11,"column":63}},"type":"binary-expr","locations":[{"start":{"line":11,"column":34},"end":{"line":11,"column":46}},{"start":{"line":11,"column":50},"end":{"line":11,"column":63}}]},"1":{"loc":{"start":{"line":23,"column":34},"end":{"line":23,"column":63}},"type":"binary-expr","locations":[{"start":{"line":23,"column":34},"end":{"line":23,"column":46}},{"start":{"line":23,"column":50},"end":{"line":23,"column":63}}]}},"s":{"0":1,"1":1,"2":1,"3":0,"4":0,"5":0,"6":0,"7":0,"8":1,"9":1,"10":0,"11":0,"12":0,"13":0,"14":0,"15":0,"16":1},"f":{"0":0,"1":0},"b":{"0":[0,0],"1":[0,0]}}
,"/home/rahulkardile/Documents/codebase/dev/formater/server/src/models/user.model.ts": {"path":"/home/rahulkardile/Documents/codebase/dev/formater/server/src/models/user.model.ts","statementMap":{"0":{"start":{"line":1,"column":0},"end":{"line":1,"column":54}},"1":{"start":{"line":4,"column":27},"end":{"line":63,"column":null}},"2":{"start":{"line":66,"column":0},"end":{"line":66,"column":57}}},"fnMap":{},"branchMap":{},"s":{"0":1,"1":1,"2":1},"f":{},"b":{}}
,"/home/rahulkardile/Documents/codebase/dev/formater/server/src/routes/user.routes.ts": {"path":"/home/rahulkardile/Documents/codebase/dev/formater/server/src/routes/user.routes.ts","statementMap":{"0":{"start":{"line":1,"column":0},"end":{"line":1,"column":33}},"1":{"start":{"line":2,"column":0},"end":{"line":2,"column":65}},"2":{"start":{"line":4,"column":15},"end":{"line":4,"column":23}},"3":{"start":{"line":6,"column":0},"end":{"line":6,"column":35}},"4":{"start":{"line":7,"column":0},"end":{"line":7,"column":29}},"5":{"start":{"line":9,"column":0},"end":{"line":9,"column":22}}},"fnMap":{},"branchMap":{},"s":{"0":1,"1":1,"2":1,"3":1,"4":1,"5":1},"f":{},"b":{}}
,"/home/rahulkardile/Documents/codebase/dev/formater/server/src/services/auth.service.ts": {"path":"/home/rahulkardile/Documents/codebase/dev/formater/server/src/services/auth.service.ts","statementMap":{"0":{"start":{"line":1,"column":0},"end":{"line":1,"column":30}},"1":{"start":{"line":2,"column":0},"end":{"line":2,"column":31}},"2":{"start":{"line":3,"column":0},"end":{"line":3,"column":40}},"3":{"start":{"line":18,"column":28},"end":{"line":27,"column":1}},"4":{"start":{"line":19,"column":25},"end":{"line":19,"column":61}},"5":{"start":{"line":20,"column":15},"end":{"line":25,"column":4}},"6":{"start":{"line":26,"column":2},"end":{"line":26,"column":21}},"7":{"start":{"line":18,"column":13},"end":{"line":18,"column":28}},"8":{"start":{"line":29,"column":25},"end":{"line":42,"column":1}},"9":{"start":{"line":30,"column":15},"end":{"line":30,"column":56}},"10":{"start":{"line":31,"column":2},"end":{"line":33,"column":3}},"11":{"start":{"line":32,"column":4},"end":{"line":32,"column":38}},"12":{"start":{"line":34,"column":18},"end":{"line":34,"column":68}},"13":{"start":{"line":35,"column":2},"end":{"line":37,"column":3}},"14":{"start":{"line":36,"column":4},"end":{"line":36,"column":43}},"15":{"start":{"line":38,"column":16},"end":{"line":40,"column":4}},"16":{"start":{"line":41,"column":2},"end":{"line":41,"column":25}},"17":{"start":{"line":29,"column":13},"end":{"line":29,"column":25}}},"fnMap":{"0":{"name":"(anonymous_1)","decl":{"start":{"line":18,"column":28},"end":{"line":18,"column":33}},"loc":{"start":{"line":18,"column":74},"end":{"line":27,"column":1}}},"1":{"name":"(anonymous_2)","decl":{"start":{"line":29,"column":25},"end":{"line":29,"column":30}},"loc":{"start":{"line":29,"column":93},"end":{"line":42,"column":1}}}},"branchMap":{"0":{"loc":{"start":{"line":31,"column":2},"end":{"line":33,"column":3}},"type":"if","locations":[{"start":{"line":31,"column":2},"end":{"line":33,"column":3}}]},"1":{"loc":{"start":{"line":35,"column":2},"end":{"line":37,"column":3}},"type":"if","locations":[{"start":{"line":35,"column":2},"end":{"line":37,"column":3}}]}},"s":{"0":1,"1":1,"2":1,"3":1,"4":0,"5":0,"6":0,"7":1,"8":1,"9":0,"10":0,"11":0,"12":0,"13":0,"14":0,"15":0,"16":0,"17":1},"f":{"0":0,"1":0},"b":{"0":[0],"1":[0]}}
,"/home/rahulkardile/Documents/codebase/dev/formater/server/src/validators/user.validator.ts": {"path":"/home/rahulkardile/Documents/codebase/dev/formater/server/src/validators/user.validator.ts","statementMap":{"0":{"start":{"line":1,"column":0},"end":{"line":1,"column":24}},"1":{"start":{"line":3,"column":13},"end":{"line":12,"column":5}},"2":{"start":{"line":9,"column":6},"end":{"line":9,"column":79}},"3":{"start":{"line":9,"column":58},"end":{"line":9,"column":79}},"4":{"start":{"line":14,"column":13},"end":{"line":17,"column":3}}},"fnMap":{"0":{"name":"(anonymous_0)","decl":{"start":{"line":8,"column":30},"end":{"line":8,"column":31}},"loc":{"start":{"line":8,"column":38},"end":{"line":10,"column":5}}}},"branchMap":{"0":{"loc":{"start":{"line":9,"column":6},"end":{"line":9,"column":79}},"type":"if","locations":[{"start":{"line":9,"column":6},"end":{"line":9,"column":79}}]},"1":{"loc":{"start":{"line":9,"column":10},"end":{"line":9,"column":56}},"type":"binary-expr","locations":[{"start":{"line":9,"column":10},"end":{"line":9,"column":33}},{"start":{"line":9,"column":37},"end":{"line":9,"column":56}}]}},"s":{"0":1,"1":1,"2":0,"3":0,"4":1},"f":{"0":0},"b":{"0":[0],"1":[0,0]}}
}
